Build started 8/12/2019 9:05:43 PM.
     1>Project "C:\Users\PANACHAITECHAPHAISAL\documents\visual studio 2010\Projects\pao\pao\pao.vcxproj" on node 2 (build target(s)).
     1>InitializeBuildStatus:
         Creating "Debug\pao.unsuccessfulbuild" because "AlwaysCreate" was specified.
       ClCompile:
         c:\Program Files (x86)\Microsoft Visual Studio 10.0\VC\bin\CL.exe /c /ZI /nologo /W3 /WX- /Od /Oy- /D WIN32 /D _DEBUG /D _CONSOLE /D _UNICODE /D UNICODE /Gm /EHsc /RTC1 /MDd /GS /fp:precise /Zc:wchar_t /Zc:forScope /Fo"Debug\\" /Fd"Debug\vc100.pdb" /Gd /TP /analyze- /errorReport:prompt nam.cpp
         nam.cpp
       ManifestResourceCompile:
         All outputs are up-to-date.
       Link:
         c:\Program Files (x86)\Microsoft Visual Studio 10.0\VC\bin\link.exe /ERRORREPORT:PROMPT /OUT:"C:\Users\PANACHAITECHAPHAISAL\documents\visual studio 2010\Projects\pao\Debug\pao.exe" /INCREMENTAL /NOLOGO kernel32.lib user32.lib gdi32.lib winspool.lib comdlg32.lib advapi32.lib shell32.lib ole32.lib oleaut32.lib uuid.lib odbc32.lib odbccp32.lib /MANIFEST /ManifestFile:"Debug\pao.exe.intermediate.manifest" /MANIFESTUAC:"level='asInvoker' uiAccess='false'" /DEBUG /PDB:"C:\Users\PANACHAITECHAPHAISAL\documents\visual studio 2010\Projects\pao\Debug\pao.pdb" /SUBSYSTEM:CONSOLE /TLBID:1 /DYNAMICBASE /NXCOMPAT /IMPLIB:"C:\Users\PANACHAITECHAPHAISAL\documents\visual studio 2010\Projects\pao\Debug\pao.lib" /MACHINE:X86 Debug\pao.exe.embed.manifest.res
         Debug\nam.obj
         Debug\pao.obj
       Manifest:
         c:\Program Files (x86)\Microsoft SDKs\Windows\v7.0A\bin\mt.exe /nologo /verbose /out:"Debug\pao.exe.embed.manifest" /manifest Debug\pao.exe.intermediate.manifest
         All outputs are up-to-date.
       LinkEmbedManifest:
         All outputs are up-to-date.
         pao.vcxproj -> C:\Users\PANACHAITECHAPHAISAL\documents\visual studio 2010\Projects\pao\Debug\pao.exe
       FinalizeBuildStatus:
         Deleting file "Debug\pao.unsuccessfulbuild".
         Touching "Debug\pao.lastbuildstate".
     1>Done Building Project "C:\Users\PANACHAITECHAPHAISAL\documents\visual studio 2010\Projects\pao\pao\pao.vcxproj" (build target(s)).

Build succeeded.

Time Elapsed 00:00:02.01
